Iniciando coleta de dados: 2025-05-15 20:34:39.476766
✓ Dados de sistemas de bike sharing coletados com sucesso
✓ Dados de cidades do mundo baixados com sucesso
✓ Dados coletados para Seoul,KR (40 registros)
✓ Dados coletados para New York,US (40 registros)
✓ Dados coletados para Paris,FR (40 registros)
✓ Dados coletados para Suzhou,CN (40 registros)
✓ Dados coletados para London,GB (40 registros)
✓ Dados históricos de Seoul baixados com sucesso
Recolha de dados concluída: 2025-05-15 20:34:41.452355
Iniciando coleta de dados: 2025-05-15 20:44:37.664113
✓ Dados de sistemas de bike sharing coletados com sucesso
✓ Dados de cidades do mundo baixados com sucesso
✓ Dados coletados para Seoul,KR (40 registros)
✓ Dados coletados para New York,US (40 registros)
✓ Dados coletados para Paris,FR (40 registros)
✓ Dados coletados para Suzhou,CN (40 registros)
✓ Dados coletados para London,GB (40 registros)
✓ Dados históricos de Seoul baixados com sucesso
Recolha de dados concluída: 2025-05-15 20:44:39.413749
Iniciando coleta de dados: 2025-05-15 20:50:23.057995
✓ Dados de sistemas de bike sharing coletados com sucesso
✓ Dados de cidades do mundo baixados com sucesso
✓ Dados coletados para Seoul,KR (40 registros)
✓ Dados coletados para New York,US (40 registros)
✓ Dados coletados para Paris,FR (40 registros)
✓ Dados coletados para Suzhou,CN (40 registros)
✓ Dados coletados para London,GB (40 registros)
✓ Dados históricos de Seoul baixados com sucesso
Recolha de dados concluída: 2025-05-15 20:50:24.840616
Iniciando coleta de dados: 2025-05-15 20:56:52.522207
✓ Dados de sistemas de bike sharing coletados com sucesso
✓ Dados de cidades do mundo baixados com sucesso
✓ Dados coletados para Seoul,KR (40 registros)
✓ Dados coletados para New York,US (40 registros)
✓ Dados coletados para Paris,FR (40 registros)
✓ Dados coletados para Suzhou,CN (40 registros)
✓ Dados coletados para London,GB (40 registros)
✓ Dados históricos de Seoul baixados com sucesso
Recolha de dados concluída: 2025-05-15 20:56:54.354013
